\BOOKMARK [0][]{chapter.3}{1 Introduction}{}% 1
\BOOKMARK [1][]{section.4}{1.1 What is JavaScript}{chapter.3}% 2
\BOOKMARK [1][]{section.5}{1.2 Verification and its Importance}{chapter.3}% 3
\BOOKMARK [1][]{section.6}{1.3 JavaScript Verification}{chapter.3}% 4
\BOOKMARK [1][]{section.7}{1.4 Outline of This Report}{chapter.3}% 5
\BOOKMARK [0][]{chapter.8}{2 Background}{}% 6
\BOOKMARK [1][]{section.9}{2.1 History of Mechanized Specifications}{chapter.8}% 7
\BOOKMARK [2][]{subsection.10}{2.1.1 ML}{section.9}% 8
\BOOKMARK [2][]{subsection.11}{2.1.2 C}{section.9}% 9
\BOOKMARK [2][]{subsection.12}{2.1.3 Java}{section.9}% 10
\BOOKMARK [2][]{subsection.13}{2.1.4 JavaScript}{section.9}% 11
\BOOKMARK [1][]{section.14}{2.2 Operational Semantics}{chapter.8}% 12
\BOOKMARK [2][]{subsection.15}{2.2.1 Small Step}{section.14}% 13
\BOOKMARK [2][]{subsection.17}{2.2.2 Big Step}{section.14}% 14
\BOOKMARK [2][]{subsection.18}{2.2.3 Pretty Big Step}{section.14}% 15
\BOOKMARK [1][]{section.19}{2.3 JavaScript Specifications}{chapter.8}% 16
\BOOKMARK [2][]{subsection.20}{2.3.1 JS Logic}{section.19}% 17
\BOOKMARK [2][]{subsection.21}{2.3.2 JSCert and JSRef}{section.19}% 18
\BOOKMARK [2][]{subsection.22}{2.3.3 JSVerify}{section.19}% 19
\BOOKMARK [2][]{subsection.23}{2.3.4 Intermediate Languages for JavaScript Verification}{section.19}% 20
\BOOKMARK [1][]{section.26}{2.4 Operational Semantics and Specification in Action}{chapter.8}% 21
\BOOKMARK [2][]{subsection.27}{2.4.1 While Loop}{section.26}% 22
\BOOKMARK [2][]{subsection.48}{2.4.2 Internal JavaScript Function: Get}{section.26}% 23
\BOOKMARK [0][]{chapter.81}{3 This Project and Concurrent Progress}{}% 24
\BOOKMARK [1][]{section.82}{3.1 ES5 Strict and Core ES5 Strict}{chapter.81}% 25
\BOOKMARK [1][]{section.83}{3.2 Contrast JSIL Without and With Descriptors}{chapter.81}% 26
\BOOKMARK [1][]{section.116}{3.3 Scope and Aims}{chapter.81}% 27
\BOOKMARK [1][]{section.117}{3.4 Testing}{chapter.81}% 28
\BOOKMARK [0][]{chapter.118}{4 JavaScript}{}% 29
\BOOKMARK [1][]{section.119}{4.1 Definition of Objects}{chapter.118}% 30
\BOOKMARK [1][]{section.147}{4.2 Properties}{chapter.118}% 31
\BOOKMARK [2][]{subsection.148}{4.2.1 Attributes}{section.147}% 32
\BOOKMARK [2][]{subsection.149}{4.2.2 Descriptors}{section.147}% 33
\BOOKMARK [2][]{subsection.150}{4.2.3 Internal Properties}{section.147}% 34
\BOOKMARK [2][]{subsection.151}{4.2.4 Optional Internal Properties}{section.147}% 35
\BOOKMARK [1][]{section.152}{4.3 Prototype Inheritance}{chapter.118}% 36
\BOOKMARK [1][]{section.153}{4.4 Initial Heap}{chapter.118}% 37
\BOOKMARK [1][]{section.154}{4.5 Function Objects}{chapter.118}% 38
\BOOKMARK [2][]{subsection.155}{4.5.1 Constructing a Function Object}{section.154}% 39
\BOOKMARK [2][]{subsection.156}{4.5.2 Calling a Function Object}{section.154}% 40
\BOOKMARK [0][]{chapter.157}{5 JSIL}{}% 41
\BOOKMARK [1][]{section.158}{5.1 Starting JSIL Syntax}{chapter.157}% 42
\BOOKMARK [1][]{section.159}{5.2 Final JSIL Syntax}{chapter.157}% 43
\BOOKMARK [1][]{section.160}{5.3 Heap Model}{chapter.157}% 44
\BOOKMARK [0][]{chapter.161}{6 Object.Prototype Library}{}% 45
\BOOKMARK [1][]{section.162}{6.1 Object Prototype Functions}{chapter.161}% 46
\BOOKMARK [0][]{chapter.170}{7 Arrays in JavaScript}{}% 47
\BOOKMARK [1][]{section.171}{7.1 Indices and Length}{chapter.170}% 48
\BOOKMARK [1][]{section.172}{7.2 DefineOwnProperty}{chapter.170}% 49
\BOOKMARK [1][]{section.176}{7.3 Array Creation}{chapter.170}% 50
\BOOKMARK [1][]{section.183}{7.4 A Working Example}{chapter.170}% 51
\BOOKMARK [0][]{chapter.192}{8 Array Library}{}% 52
\BOOKMARK [1][]{section.193}{8.1 Array Object Constructor Functions}{chapter.192}% 53
\BOOKMARK [1][]{section.199}{8.2 Array Object Prototype Functions}{chapter.192}% 54
\BOOKMARK [1][]{section.222}{8.3 Filter In Detail}{chapter.192}% 55
\BOOKMARK [2][]{subsection.223}{8.3.1 ECMAScript Standard}{section.222}% 56
\BOOKMARK [2][]{subsection.236}{8.3.2 Pretty Big Step Operational Semantics}{section.222}% 57
\BOOKMARK [2][]{subsection.237}{8.3.3 JSIL Code}{section.222}% 58
\BOOKMARK [1][]{section.304}{8.4 Sort In Detail}{chapter.192}% 59
\BOOKMARK [2][]{subsection.305}{8.4.1 Sorting Algorithms}{section.304}% 60
\BOOKMARK [0][]{chapter.347}{9 Arguments Object}{}% 61
\BOOKMARK [1][]{section.348}{9.1 Full ES5}{chapter.347}% 62
\BOOKMARK [2][]{subsection.349}{9.1.1 Internal Methods}{section.348}% 63
\BOOKMARK [2][]{subsection.350}{9.1.2 CreateArgumentObject Algorithm}{section.348}% 64
\BOOKMARK [1][]{section.351}{9.2 ES5 Strict}{chapter.347}% 65
\BOOKMARK [2][]{subsection.352}{9.2.1 CreateArgumentObject Algorithm}{section.351}% 66
\BOOKMARK [2][]{subsection.353}{9.2.2 JSIL Implementation}{section.351}% 67
\BOOKMARK [1][]{section.389}{9.3 A Working Example}{chapter.347}% 68
\BOOKMARK [0][]{chapter.403}{10 String Library}{}% 69
\BOOKMARK [1][]{section.404}{10.1 String Library Functions}{chapter.403}% 70
\BOOKMARK [0][]{chapter.411}{11 Testing}{}% 71
\BOOKMARK [1][]{section.412}{11.1 Array Library and Arguments Object}{chapter.411}% 72
\BOOKMARK [2][]{subsection.413}{11.1.1 Array Library}{section.412}% 73
\BOOKMARK [2][]{subsection.414}{11.1.2 Arguments Object}{section.412}% 74
\BOOKMARK [1][]{section.415}{11.2 String Library}{chapter.411}% 75
\BOOKMARK [0][]{chapter.416}{12 Conclusion}{}% 76
